<?xml version="1.0" encoding="UTF-8"?>
<!-- Generated by org.testng.reporters.JUnitReportReporter -->
<testsuite hostname="Sashank" failures="0" tests="1" name="testCases.tc001_AccountRegTest" time="3.948" errors="0" timestamp="2024-12-29T21:34:42 NPT" skipped="0">
  <testcase classname="testCases.tc001_AccountRegTest" name="verify_acc_reg" time="3.948"/>
</testsuite> <!-- testCases.tc001_AccountRegTest -->
